<?xml version="1.0" encoding="UTF-8"?>
<!-- Generated by org.testng.reporters.JUnitReportReporter -->
<testsuite hostname="qa-PC" name="com.iscript.tesecases.createAccount" tests="1" failures="0" timestamp="28 Jul 2017 02:11:27 GMT" time="34.832" errors="0">
  <testcase name="createAccountTest" time="34.832" classname="com.iscript.tesecases.createAccount"/>
</testsuite> <!-- com.iscript.tesecases.createAccount -->
